0 info it worked if it ends with ok
1 verbose cli [ '/usr/bin/node', '/usr/bin/npm', 'install' ]
2 info using npm@1.4.28
3 info using node@v0.10.32
4 verbose node symlink /usr/bin/node
5 warn package.json api@0.1.0 No repository field.
6 verbose readDependencies using package.json deps
7 verbose install where, deps [ '/home/loren/www/pl', [ '0', 'mongodb' ] ]
8 info preinstall api@0.1.0
9 verbose readDependencies using package.json deps
10 verbose already installed skipping mongodb@^2.0.30 /home/loren/www/pl
11 verbose cache add [ '0@express', null ]
12 verbose cache add name=undefined spec="0@express" args=["0@express",null]
13 verbose parsed url { protocol: null,
13 verbose parsed url   slashes: null,
13 verbose parsed url   auth: null,
13 verbose parsed url   host: null,
13 verbose parsed url   port: null,
13 verbose parsed url   hostname: null,
13 verbose parsed url   hash: null,
13 verbose parsed url   search: null,
13 verbose parsed url   query: null,
13 verbose parsed url   pathname: '0@express',
13 verbose parsed url   path: '0@express',
13 verbose parsed url   href: '0@express' }
14 verbose cache add name="0" spec="express" args=["0","express"]
15 verbose parsed url { protocol: null,
15 verbose parsed url   slashes: null,
15 verbose parsed url   auth: null,
15 verbose parsed url   host: null,
15 verbose parsed url   port: null,
15 verbose parsed url   hostname: null,
15 verbose parsed url   hash: null,
15 verbose parsed url   search: null,
15 verbose parsed url   query: null,
15 verbose parsed url   pathname: 'express',
15 verbose parsed url   path: 'express',
15 verbose parsed url   href: 'express' }
16 verbose addNamed [ '0', 'express' ]
17 verbose addNamed [ null, null ]
18 silly lockFile ab37aaa2-0-express 0@express
19 verbose lock 0@express /home/loren/.npm/ab37aaa2-0-express.lock
20 info addNameTag [ '0', 'express' ]
21 verbose registry.get https://registry.npmjs.org/0 not expired, no request
22 silly lockFile ab37aaa2-0-express 0@express
23 silly lockFile ab37aaa2-0-express 0@express
24 error notarget No compatible version found: 0@'express'
24 error notarget Valid install targets:
24 error notarget ["0.0.0"]
24 error notarget
24 error notarget This is most likely not a problem with npm itself.
24 error notarget In most cases you or one of your dependencies are requesting
24 error notarget a package version that doesn't exist.
25 error System Linux 3.8.0-29-generic
26 error command "/usr/bin/node" "/usr/bin/npm" "install"
27 error cwd /home/loren/www/pl
28 error node -v v0.10.32
29 error npm -v 1.4.28
30 error code ETARGET
31 verbose exit [ 1, true ]
